<?xml version="1.0" encoding="UTF-8"?>
<testng-results skipped="0" failed="0" ignored="0" total="1" passed="1">
  <reporter-output>
  </reporter-output>
  <suite name="Default suite" duration-ms="17952" started-at="2019-04-14T18:39:51Z" finished-at="2019-04-14T18:40:09Z">
    <groups>
    </groups>
    <test name="Default test" duration-ms="17952" started-at="2019-04-14T18:39:51Z" finished-at="2019-04-14T18:40:09Z">
      <class name="AppTesting.Apps.WindowsHandle">
        <test-method status="PASS" signature="TestUp()[pri:0, instance:AppTesting.Apps.WindowsHandle@1aeed2f]" name="TestUp" duration-ms="17901" started-at="2019-04-14T18:39:51Z" finished-at="2019-04-14T18:40:09Z">
          <reporter-output>
          </reporter-output>
        </test-method> <!-- TestUp -->
      </class> <!-- AppTesting.Apps.WindowsHandle -->
    </test> <!-- Default test -->
  </suite> <!-- Default suite -->
</testng-results>
